#-----------------------------------------------------------
# Vivado v2020.2 (64-bit)
# SW Build 3064766 on Wed Nov 18 09:12:45 MST 2020
# IP Build 3064653 on Wed Nov 18 14:17:31 MST 2020
# Start of session at: Fri May  3 12:53:38 2024
# Process ID: 30596
# Current directory: C:/Users/jaashwa/Documents/GitHub/Final-Project/Vivado/Project
# Command line: vivado.exe -gui_launcher_event rodinguilauncherevent34164 C:\Users\jaashwa\Documents\GitHub\Final-Project\Vivado\Project\Project.xpr
# Log file: C:/Users/jaashwa/Documents/GitHub/Final-Project/Vivado/Project/vivado.log
# Journal file: C:/Users/jaashwa/Documents/GitHub/Final-Project/Vivado/Project\vivado.jou
#-----------------------------------------------------------
start_gui
open_project C:/Users/jaashwa/Documents/GitHub/Final-Project/Vivado/Project/Project.xpr
CRITICAL WARNING: [Project 1-505] Unrecognized Option Name SimulatorVersionXsim
CRITICAL WARNING: [Project 1-505] Unrecognized Option Name SimulatorVersionModelSim
CRITICAL WARNING: [Project 1-505] Unrecognized Option Name SimulatorVersionQuesta
CRITICAL WARNING: [Project 1-505] Unrecognized Option Name SimulatorVersionXcelium
CRITICAL WARNING: [Project 1-505] Unrecognized Option Name SimulatorVersionVCS
CRITICAL WARNING: [Project 1-505] Unrecognized Option Name SimulatorVersionRiviera
CRITICAL WARNING: [Project 1-505] Unrecognized Option Name SimulatorVersionActiveHdl
CRITICAL WARNING: [Project 1-505] Unrecognized Option Name SimulatorGccVersionXsim
CRITICAL WARNING: [Project 1-505] Unrecognized Option Name SimulatorGccVersionModelSim
CRITICAL WARNING: [Project 1-505] Unrecognized Option Name SimulatorGccVersionQuesta
CRITICAL WARNING: [Project 1-505] Unrecognized Option Name SimulatorGccVersionXcelium
CRITICAL WARNING: [Project 1-505] Unrecognized Option Name SimulatorGccVersionVCS
CRITICAL WARNING: [Project 1-505] Unrecognized Option Name SimulatorGccVersionRiviera
CRITICAL WARNING: [Project 1-505] Unrecognized Option Name SimulatorGccVersionActiveHdl
WARNING: [filemgmt 56-3] Default IP Output Path : Could not find the directory 'C:/Users/jaashwa/Documents/GitHub/Final-Project/Vivado/Project/Project.gen/sources_1'.
CRITICAL WARNING: [Project 1-505] Unrecognized Option Name EnableResourceEstimation
CRITICAL WARNING: [Project 1-505] Unrecognized Option Name SimCompileState
CRITICAL WARNING: [Project 1-505] Unrecognized Option Name ClassicSocBoot
CRITICAL WARNING: [Project 1-505] Unrecognized Option Name LocalIPRepoLeafDirName
CRITICAL WARNING: [Project 1-19] Could not find the file 'C:/Users/jaashwa/Documents/GitHub/Final-Project/Vivado/Project/Project.srcs/sources_1/imports/dldfall22proj/SV/all.sv'.
CRITICAL WARNING: [Project 1-19] Could not find the file 'C:/Users/jaashwa/Documents/Downloads/dldfall2022-main/Lab3/SV/clk_div.sv'.
CRITICAL WARNING: [Project 1-19] Could not find the file 'C:/Users/jaashwa/Documents/GitHub/Final-Project/Vivado/Project/Project.srcs/sources_1/imports/dldfall22proj/SV/datapath.sv'.
CRITICAL WARNING: [Project 1-19] Could not find the file 'C:/Users/jaashwa/Documents/GitHub/Final-Project/Vivado/Project/Project.srcs/sources_1/imports/dldfall22proj/SV/fsm.sv'.
CRITICAL WARNING: [Project 1-19] Could not find the file 'C:/Users/jaashwa/Documents/GitHub/Final-Project/Vivado/Project/Project.srcs/sources_1/imports/dldfall22proj/SV/mux.sv'.
CRITICAL WARNING: [Project 1-19] Could not find the file 'C:/Users/jaashwa/Documents/GitHub/Final-Project/Vivado/Project/Project.srcs/sources_1/imports/dldfall22proj/SV/register.sv'.
CRITICAL WARNING: [Project 1-19] Could not find the file 'C:/Users/jaashwa/Documents/GitHub/hdmi_files/hdmi_working/audio_clock_regeneration_packet.sv'.
CRITICAL WARNING: [Project 1-19] Could not find the file 'C:/Users/jaashwa/Documents/GitHub/hdmi_files/hdmi_working/audio_info_frame.sv'.
CRITICAL WARNING: [Project 1-19] Could not find the file 'C:/Users/jaashwa/Documents/GitHub/hdmi_files/hdmi_working/audio_sample_packet.sv'.
CRITICAL WARNING: [Project 1-19] Could not find the file 'C:/Users/jaashwa/Documents/GitHub/hdmi_files/hdmi_working/auxiliary_video_information_info_frame.sv'.
CRITICAL WARNING: [Project 1-19] Could not find the file 'C:/Users/jaashwa/Documents/GitHub/hdmi_files/hdmi_working/hdmi.sv'.
CRITICAL WARNING: [Project 1-19] Could not find the file 'C:/Users/jaashwa/Documents/GitHub/hdmi_files/hdmi_working/hdmi_top.sv'.
CRITICAL WARNING: [Project 1-19] Could not find the file 'C:/Users/jaashwa/Documents/GitHub/hdmi_files/hdmi_working/packet_assembler.sv'.
CRITICAL WARNING: [Project 1-19] Could not find the file 'C:/Users/jaashwa/Documents/GitHub/hdmi_files/hdmi_working/packet_picker.sv'.
CRITICAL WARNING: [Project 1-19] Could not find the file 'C:/Users/jaashwa/Documents/GitHub/hdmi_files/hdmi_working/pll.sv'.
CRITICAL WARNING: [Project 1-19] Could not find the file 'C:/Users/jaashwa/Documents/GitHub/hdmi_files/hdmi_working/serializer.sv'.
CRITICAL WARNING: [Project 1-19] Could not find the file 'C:/Users/jaashwa/Documents/GitHub/hdmi_files/hdmi_working/source_product_description_info_frame.sv'.
CRITICAL WARNING: [Project 1-19] Could not find the file 'C:/Users/jaashwa/Documents/GitHub/hdmi_files/hdmi_working/tmds_channel.sv'.
CRITICAL WARNING: [Project 1-19] Could not find the file 'C:/Users/jaashwa/Documents/GitHub/hdmi_files/hdmi_working/attributemap.sv'.
CRITICAL WARNING: [Project 1-19] Could not find the file 'C:/Users/jaashwa/Documents/GitHub/hdmi_files/hdmi_working/console.sv'.
CRITICAL WARNING: [Project 1-19] Could not find the file 'C:/Users/jaashwa/Documents/GitHub/hdmi_files/hdmi_working/glyphmap.sv'.
CRITICAL WARNING: [Project 1-19] Could not find the file 'C:/Users/jaashwa/Downloads/hdmi_working/attributemap.sv'.
CRITICAL WARNING: [Project 1-19] Could not find the file 'C:/Users/jaashwa/Downloads/hdmi_working/audio_clock_regeneration_packet.sv'.
CRITICAL WARNING: [Project 1-19] Could not find the file 'C:/Users/jaashwa/Downloads/hdmi_working/audio_info_frame.sv'.
CRITICAL WARNING: [Project 1-19] Could not find the file 'C:/Users/jaashwa/Downloads/hdmi_working/audio_sample_packet.sv'.
CRITICAL WARNING: [Project 1-19] Could not find the file 'C:/Users/jaashwa/Downloads/hdmi_working/auxiliary_video_information_info_frame.sv'.
CRITICAL WARNING: [Project 1-19] Could not find the file 'C:/Users/jaashwa/Downloads/hdmi_working/console.sv'.
CRITICAL WARNING: [Project 1-19] Could not find the file 'C:/Users/jaashwa/Downloads/hdmi_working/glyphmap.sv'.
CRITICAL WARNING: [Project 1-19] Could not find the file 'C:/Users/jaashwa/Downloads/hdmi_working/hdmi.sv'.
CRITICAL WARNING: [Project 1-19] Could not find the file 'C:/Users/jaashwa/Downloads/hdmi_working/hdmi_top.sv'.
CRITICAL WARNING: [Project 1-19] Could not find the file 'C:/Users/jaashwa/Downloads/hdmi_working/packet_assembler.sv'.
CRITICAL WARNING: [Project 1-19] Could not find the file 'C:/Users/jaashwa/Downloads/hdmi_working/packet_picker.sv'.
CRITICAL WARNING: [Project 1-19] Could not find the file 'C:/Users/jaashwa/Downloads/hdmi_working/pll.sv'.
CRITICAL WARNING: [Project 1-19] Could not find the file 'C:/Users/jaashwa/Downloads/hdmi_working/serializer.sv'.
CRITICAL WARNING: [Project 1-19] Could not find the file 'C:/Users/jaashwa/Downloads/hdmi_working/source_product_description_info_frame.sv'.
CRITICAL WARNING: [Project 1-19] Could not find the file 'C:/Users/jaashwa/Downloads/hdmi_working/tmds_channel.sv'.
CRITICAL WARNING: [Project 1-19] Could not find the file 'C:/Users/jaashwa/Documents/GitHub/Final-Project/Demo/archive_project_summary.txt'.
Scanning sources...
Finished scanning sources
WARNING: [Project 1-231] Project 'Project.xpr' was created with a future version and may or may not perform reliably with this version of Vivado. It has been opened in read-only mode for the protection of unrecognized data. Use 'File | Save Project As...' if you wish to alter a copy of the project.
INFO: [IP_Flow 19-234] Refreshing IP repositories
INFO: [IP_Flow 19-1704] No user IP repositories specified
INFO: [IP_Flow 19-2313] Loaded Vivado IP repository 'C:/Xilinx/Vivado/2020.2/data/ip'.
open_project: Time (s): cpu = 00:00:11 ; elapsed = 00:00:07 . Memory (MB): peak = 1080.684 ; gain = 0.000
update_compile_order -fileset sources_1
save_project_as finalProject C:/Users/jaashwa/Documents/GitHub/Final-Project/Vivado/finalProject -force
reset_run synth_1
launch_runs impl_1 -to_step write_bitstream -jobs 16
[Fri May  3 12:55:52 2024] Launched synth_1...
Run output will be captured here: C:/Users/jaashwa/Documents/GitHub/Final-Project/Vivado/finalProject/finalProject.runs/synth_1/runme.log
[Fri May  3 12:55:52 2024] Launched impl_1...
Run output will be captured here: C:/Users/jaashwa/Documents/GitHub/Final-Project/Vivado/finalProject/finalProject.runs/impl_1/runme.log
open_hw_manager
connect_hw_server -allow_non_jtag
INFO: [Labtools 27-2285] Connecting to hw_server url TCP:localhost:3121
INFO: [Labtools 27-2222] Launching hw_server...
INFO: [Labtools 27-2221] Launch Output:

****** Xilinx hw_server v2020.2
  **** Build date : Nov 18 2020 at 10:01:48
    ** Copyright 1986-2020 Xilinx, Inc. All Rights Reserved.


INFO: [Labtools 27-3415] Connecting to cs_server url TCP:localhost:3042
INFO: [Labtools 27-3417] Launching cs_server...
INFO: [Labtools 27-2221] Launch Output:


******** Xilinx cs_server v2020.2
  ****** Build date   : Nov 03 2020-15:02:56
    **** Build number : 2020.2.1604437376
      ** Copyright 2017-2020 Xilinx, Inc. All Rights Reserved.



connect_hw_server: Time (s): cpu = 00:00:01 ; elapsed = 00:00:09 . Memory (MB): peak = 1128.598 ; gain = 26.082
open_hw_target
INFO: [Labtoolstcl 44-466] Opening hw_target localhost:3121/xilinx_tcf/Digilent/210014A24EBFA
open_hw_target: Time (s): cpu = 00:00:04 ; elapsed = 00:00:06 . Memory (MB): peak = 2674.816 ; gain = 1546.219
set_property PROGRAM.FILE {C:/Users/jaashwa/Documents/GitHub/Final-Project/Vivado/finalProject/finalProject.runs/impl_1/top_demo.bit} [get_hw_devices xc7z020_1]
current_hw_device [get_hw_devices xc7z020_1]
refresh_hw_device -update_hw_probes false [lindex [get_hw_devices xc7z020_1] 0]
INFO: [Labtools 27-1434] Device xc7z020 (JTAG device index = 1) is programmed with a design that has no supported debug core(s) in it.
set_property PROBES.FILE {} [get_hw_devices xc7z020_1]
set_property FULL_PROBES.FILE {} [get_hw_devices xc7z020_1]
set_property PROGRAM.FILE {C:/Users/jaashwa/Documents/GitHub/Final-Project/Vivado/finalProject/finalProject.runs/impl_1/top_demo.bit} [get_hw_devices xc7z020_1]
program_hw_devices [get_hw_devices xc7z020_1]
INFO: [Labtools 27-3164] End of startup status: HIGH
refresh_hw_device [lindex [get_hw_devices xc7z020_1] 0]
INFO: [Labtools 27-1434] Device xc7z020 (JTAG device index = 1) is programmed with a design that has no supported debug core(s) in it.
